Using pre-set license
Built from '2020.3/staging' branch; Version is '2020.3.22f1 (e1a7f79fd887) revision 14788599'; Using compiler version '192528614'; Build Type 'Release'
OS: 'Windows 10 Home; OS build 19045.2604; Version 2009; 64bit' Language: 'ko' Physical Memory: 24485 MB
BatchMode: 1, IsHumanControllingUs: 0, StartBugReporterOnCrash: 0, Is64bit: 1, IsPro: 0

COMMAND LINE ARGUMENTS:
C:\Program Files\Unity\Hub\Editor\2020.3.22f1\Editor\Unity.exe
-adb2
-batchMode
-noUpm
-name
AssetImportWorker0
-projectPath
D:/project/TieTheRope/Tie The Rope
-logFile
Logs/AssetImportWorker0.log
-srvPort
64636
Successfully changed project path to: D:/project/TieTheRope/Tie The Rope
D:/project/TieTheRope/Tie The Rope
Using Asset Import Pipeline V2.
Refreshing native plugins compatible for Editor in 168.33 ms, found 3 plugins.
Preloading 0 native plugins for Editor in 0.00 ms.
Initialize engine version: 2020.3.22f1 (e1a7f79fd887)
[Subsystems] Discovering subsystems at path C:/Program Files/Unity/Hub/Editor/2020.3.22f1/Editor/Data/Resources/UnitySubsystems
[Subsystems] Discovering subsystems at path D:/project/TieTheRope/Tie The Rope/Assets
GfxDevice: creating device client; threaded=0
Direct3D:
    Version:  Direct3D 11.0 [level 11.1]
    Renderer: NVIDIA GeForce GTX 1050 (ID=0x1c8d)
    Vendor:   
    VRAM:     4021 MB
    Driver:   30.0.14.7212
Initialize mono
Mono path[0] = 'C:/Program Files/Unity/Hub/Editor/2020.3.22f1/Editor/Data/Managed'
Mono path[1] = 'C:/Program Files/Unity/Hub/Editor/2020.3.22f1/Editor/Data/MonoBleedingEdge/lib/mono/unityjit'
Mono config path = 'C:/Program Files/Unity/Hub/Editor/2020.3.22f1/Editor/Data/MonoBleedingEdge/etc'
Using monoOptions --debugger-agent=transport=dt_socket,embedding=1,server=y,suspend=n,address=127.0.0.1:56544
Begin MonoManager ReloadAssembly
Registering precompiled unity dll's ...
Register platform support module: C:/Program Files/Unity/Hub/Editor/2020.3.22f1/Editor/Data/PlaybackEngines/WebGLSupport/UnityEditor.WebGL.Extensions.dll
Register platform support module: C:/Program Files/Unity/Hub/Editor/2020.3.22f1/Editor/Data/PlaybackEngines/MacStandaloneSupport/UnityEditor.OSXStandalone.Extensions.dll
Register platform support module: C:/Program Files/Unity/Hub/Editor/2020.3.22f1/Editor/Data/PlaybackEngines/WindowsStandaloneSupport/UnityEditor.WindowsStandalone.Extensions.dll
Register platform support module: C:/Program Files/Unity/Hub/Editor/2020.3.22f1/Editor/Data/PlaybackEngines/LinuxStandaloneSupport/UnityEditor.LinuxStandalone.Extensions.dll
Registered in 0.032749 seconds.
Native extension for LinuxStandalone target not found
Native extension for WindowsStandalone target not found
Native extension for OSXStandalone target not found
Native extension for WebGL target not found
Refreshing native plugins compatible for Editor in 184.28 ms, found 3 plugins.
Preloading 0 native plugins for Editor in 0.00 ms.
Mono: successfully reloaded assembly
- Completed reload, in 11.458 seconds
Domain Reload Profiling:
	ReloadAssembly (11459ms)
		BeginReloadAssembly (328ms)
			ExecutionOrderSort (0ms)
			DisableScriptedObjects (0ms)
			BackupInstance (0ms)
			ReleaseScriptingObjects (0ms)
			CreateAndSetChildDomain (3ms)
		EndReloadAssembly (1727ms)
			LoadAssemblies (321ms)
			RebuildTransferFunctionScriptingTraits (0ms)
			SetupTypeCache (625ms)
			ReleaseScriptCaches (0ms)
			RebuildScriptCaches (115ms)
			SetupLoadedEditorAssemblies (677ms)
				LogAssemblyErrors (0ms)
				InitializePlatformSupportModulesInManaged (29ms)
				SetLoadedEditorAssemblies (1ms)
				RefreshPlugins (185ms)
				BeforeProcessingInitializeOnLoad (74ms)
				ProcessInitializeOnLoadAttributes (314ms)
				ProcessInitializeOnLoadMethodAttributes (73ms)
				AfterProcessingInitializeOnLoad (0ms)
				EditorAssembliesLoaded (1ms)
			ExecutionOrderSort2 (0ms)
			AwakeInstancesAfterBackupRestoration (0ms)
Platform modules already initialized, skipping
Registering precompiled user dll's ...
Registered in 0.026967 seconds.
Begin MonoManager ReloadAssembly
Native extension for LinuxStandalone target not found
Native extension for WindowsStandalone target not found
Native extension for OSXStandalone target not found
Native extension for WebGL target not found
Refreshing native plugins compatible for Editor in 119.97 ms, found 3 plugins.
Preloading 0 native plugins for Editor in 0.00 ms.
Mono: successfully reloaded assembly
- Completed reload, in  5.064 seconds
Domain Reload Profiling:
	ReloadAssembly (5070ms)
		BeginReloadAssembly (643ms)
			ExecutionOrderSort (0ms)
			DisableScriptedObjects (14ms)
			BackupInstance (0ms)
			ReleaseScriptingObjects (0ms)
			CreateAndSetChildDomain (69ms)
		EndReloadAssembly (4129ms)
			LoadAssemblies (558ms)
			RebuildTransferFunctionScriptingTraits (0ms)
			SetupTypeCache (1290ms)
			ReleaseScriptCaches (1ms)
			RebuildScriptCaches (287ms)
			SetupLoadedEditorAssemblies (1667ms)
				LogAssemblyErrors (0ms)
				InitializePlatformSupportModulesInManaged (24ms)
				SetLoadedEditorAssemblies (1ms)
				RefreshPlugins (120ms)
				BeforeProcessingInitializeOnLoad (363ms)
				ProcessInitializeOnLoadAttributes (1003ms)
				ProcessInitializeOnLoadMethodAttributes (86ms)
				AfterProcessingInitializeOnLoad (69ms)
				EditorAssembliesLoaded (1ms)
			ExecutionOrderSort2 (0ms)
			AwakeInstancesAfterBackupRestoration (27ms)
Platform modules already initialized, skipping
========================================================================
Worker process is ready to serve import requests
Launched and connected shader compiler UnityShaderCompiler.exe after 0.25 seconds
Refreshing native plugins compatible for Editor in 1.38 ms, found 3 plugins.
Preloading 0 native plugins for Editor in 0.00 ms.
Unloading 2336 Unused Serialized files (Serialized files now loaded: 0)
System memory in use before: 103.4 MB.
System memory in use after: 103.6 MB.

Unloading 29 unused Assets to reduce memory usage. Loaded Objects now: 2771.
Total: 9.743200 ms (FindLiveObjects: 0.537100 ms CreateObjectMapping: 0.268900 ms MarkObjects: 8.744500 ms  DeleteObjects: 0.189600 ms)

AssetImportParameters requested are different than current active one (requested -> active):
  custom:framework-win-MediaFoundation: 216162199b28c13a410421893ffa2e32 -> 
  custom:video-decoder-ogg-theora: a1e56fd34408186e4bbccfd4996cb3dc -> 
  custom:container-muxer-webm: aa71ff27fc2769a1b78a27578f13a17b -> 
  custom:container-demuxer-webm: 4f35f7cbe854078d1ac9338744f61a02 -> 
  custom:container-demuxer-ogg: 62fdf1f143b41e24485cea50d1cbac27 -> 
  custom:video-encoder-webm-vp8: eb34c28f22e8b96e1ab97ce403110664 -> 
  custom:video-decoder-webm-vp8: 9c59270c3fd7afecdb556c50c9e8de78 -> 
  custom:audio-decoder-ogg-vorbis: bf7c407c2cedff20999df2af8eb42d56 -> 
  custom:audio-encoder-webm-vorbis: bf7c407c2cedff20999df2af8eb42d56 -> 
========================================================================
Received Import Request.
  path: Assets/Brackeys/2D Mega Pack/Effects
  artifactKey: Guid(b0f3f6709c849c849a4397d379fd81d4) Importer(815301076,1909f56bfc062723c751e8b465ee728b)
Start importing Assets/Brackeys/2D Mega Pack/Effects using Guid(b0f3f6709c849c849a4397d379fd81d4) Importer(815301076,1909f56bfc062723c751e8b465ee728b)  -> (artifact id: 'ea4c9d5f83b7d72fbdbf25efb2555835') in 0.022548 seconds 
  Import took 0.030999 seconds .

========================================================================
Received Import Request.
  Time since last request: 6.187837 seconds.
  path: Assets/Brackeys/2D Mega Pack/Environment
  artifactKey: Guid(bca675569e8d6de4896e306c9d89550b) Importer(815301076,1909f56bfc062723c751e8b465ee728b)
Start importing Assets/Brackeys/2D Mega Pack/Environment using Guid(bca675569e8d6de4896e306c9d89550b) Importer(815301076,1909f56bfc062723c751e8b465ee728b)  -> (artifact id: 'f53004d4be03bef1fc2369d0ebd87e18') in 0.013787 seconds 
  Import took 0.021535 seconds .

========================================================================
Received Import Request.
  Time since last request: 19.293238 seconds.
  path: Assets/Brackeys/2D Mega Pack/Weapons & Tools
  artifactKey: Guid(f9dbb76816c806545b90a9b41245c7cc) Importer(815301076,1909f56bfc062723c751e8b465ee728b)
Start importing Assets/Brackeys/2D Mega Pack/Weapons & Tools using Guid(f9dbb76816c806545b90a9b41245c7cc) Importer(815301076,1909f56bfc062723c751e8b465ee728b)  -> (artifact id: 'a38f8c0193de4d801a36345f1256a97c') in 0.012964 seconds 
  Import took 0.020957 seconds .

========================================================================
Received Import Request.
  Time since last request: 7.586765 seconds.
  path: Assets/Brackeys/2D Mega Pack/Sounds
  artifactKey: Guid(9b2a41508a41b18458cac2ac00503323) Importer(815301076,1909f56bfc062723c751e8b465ee728b)
Start importing Assets/Brackeys/2D Mega Pack/Sounds using Guid(9b2a41508a41b18458cac2ac00503323) Importer(815301076,1909f56bfc062723c751e8b465ee728b)  -> (artifact id: '865e1dcd144a0d6bc27c5dfac3c0caf5') in 0.013469 seconds 
  Import took 0.022221 seconds .

========================================================================
Received Import Request.
  Time since last request: 53.393198 seconds.
  path: Assets/Brackeys/2D Mega Pack/Shapes
  artifactKey: Guid(5aa468bcd40eb9d4391c1e9f62114c5f) Importer(815301076,1909f56bfc062723c751e8b465ee728b)
Start importing Assets/Brackeys/2D Mega Pack/Shapes using Guid(5aa468bcd40eb9d4391c1e9f62114c5f) Importer(815301076,1909f56bfc062723c751e8b465ee728b)  -> (artifact id: 'f63529a192a7a0a263c8fae563c970b9') in 0.016020 seconds 
  Import took 0.025299 seconds .

========================================================================
Received Import Request.
  Time since last request: 63.652781 seconds.
  path: Assets/Brackeys/2D Mega Pack/Items & Icons/Grungy
  artifactKey: Guid(ef61f69fb30101f48acd961b4dbaa582) Importer(815301076,1909f56bfc062723c751e8b465ee728b)
Start importing Assets/Brackeys/2D Mega Pack/Items & Icons/Grungy using Guid(ef61f69fb30101f48acd961b4dbaa582) Importer(815301076,1909f56bfc062723c751e8b465ee728b)  -> (artifact id: '4d6fdd6757628d837e26e517a6c6a8a8') in 0.016464 seconds 
  Import took 0.358625 seconds .

========================================================================
Received Import Request.
  Time since last request: 0.233457 seconds.
  path: Assets/Brackeys/2D Mega Pack/Items & Icons/Gothic
  artifactKey: Guid(58b1438d49316bd4085ec09a8ef549bd) Importer(815301076,1909f56bfc062723c751e8b465ee728b)
Start importing Assets/Brackeys/2D Mega Pack/Items & Icons/Gothic using Guid(58b1438d49316bd4085ec09a8ef549bd) Importer(815301076,1909f56bfc062723c751e8b465ee728b)  -> (artifact id: 'cf8709eb7c1539333636c1db9b81b115') in 0.012897 seconds 
  Import took 0.020714 seconds .

========================================================================
Received Import Request.
  Time since last request: 0.543444 seconds.
  path: Assets/Brackeys/2D Mega Pack/Items & Icons/Gold Miner
  artifactKey: Guid(e54fc2d4cb5b4544c9785a63fee616df) Importer(815301076,1909f56bfc062723c751e8b465ee728b)
Start importing Assets/Brackeys/2D Mega Pack/Items & Icons/Gold Miner using Guid(e54fc2d4cb5b4544c9785a63fee616df) Importer(815301076,1909f56bfc062723c751e8b465ee728b)  -> (artifact id: '39e38d7ef301bf32a2f8b0c25e563f5b') in 0.012611 seconds 
  Import took 0.020663 seconds .

========================================================================
Received Import Request.
  Time since last request: 1.893876 seconds.
  path: Assets/Brackeys/2D Mega Pack/Items & Icons/Cute
  artifactKey: Guid(733ab9fa9ba9ef646b85074466697c2e) Importer(815301076,1909f56bfc062723c751e8b465ee728b)
Start importing Assets/Brackeys/2D Mega Pack/Items & Icons/Cute using Guid(733ab9fa9ba9ef646b85074466697c2e) Importer(815301076,1909f56bfc062723c751e8b465ee728b)  -> (artifact id: '478047a697de7b9715914b51005294d6') in 0.013021 seconds 
  Import took 0.263198 seconds .

========================================================================
Received Import Request.
  Time since last request: 25.465660 seconds.
  path: Assets/Brackeys/2D Mega Pack/Platforms
  artifactKey: Guid(77da0f55382552747959f630e2c5f983) Importer(815301076,1909f56bfc062723c751e8b465ee728b)
Start importing Assets/Brackeys/2D Mega Pack/Platforms using Guid(77da0f55382552747959f630e2c5f983) Importer(815301076,1909f56bfc062723c751e8b465ee728b)  -> (artifact id: '60e2edde0f7ef99f89a4059d83bccbe5') in 0.130868 seconds 
  Import took 0.143186 seconds .

========================================================================
Received Import Request.
  Time since last request: 21.952631 seconds.
  path: Assets/Brackeys/2D Mega Pack/UI
  artifactKey: Guid(72216c93e9f14c241a16086054be5744) Importer(815301076,1909f56bfc062723c751e8b465ee728b)
Start importing Assets/Brackeys/2D Mega Pack/UI using Guid(72216c93e9f14c241a16086054be5744) Importer(815301076,1909f56bfc062723c751e8b465ee728b)  -> (artifact id: 'a996c33eef1719e295a90cbaa8fdb9c0') in 0.012259 seconds 
  Import took 0.019261 seconds .

========================================================================
Received Import Request.
  Time since last request: 55.244823 seconds.
  path: Assets/CasualGameSounds
  artifactKey: Guid(9ef22772589f9dd4ca064f576c816499) Importer(815301076,1909f56bfc062723c751e8b465ee728b)
Start importing Assets/CasualGameSounds using Guid(9ef22772589f9dd4ca064f576c816499) Importer(815301076,1909f56bfc062723c751e8b465ee728b)  -> (artifact id: 'ec74c697263605e7c7d314bd0a94f1b9') in 0.012902 seconds 
  Import took 0.020067 seconds .

========================================================================
Received Import Request.
  Time since last request: 16.563378 seconds.
  path: Assets/Pixel Tiles pack
  artifactKey: Guid(17684e70e77773f40ae8061fc31a96a8) Importer(815301076,1909f56bfc062723c751e8b465ee728b)
Start importing Assets/Pixel Tiles pack using Guid(17684e70e77773f40ae8061fc31a96a8) Importer(815301076,1909f56bfc062723c751e8b465ee728b)  -> (artifact id: '5aee8c3c89d76ea4067e3f2a11875fa1') in 0.013250 seconds 
  Import took 0.118812 seconds .

========================================================================
Received Import Request.
  Time since last request: 2.008664 seconds.
  path: Assets/Pixel Tiles pack/Blocks
  artifactKey: Guid(b7189b5cb421b2145b82b8765007fe4d) Importer(815301076,1909f56bfc062723c751e8b465ee728b)
Start importing Assets/Pixel Tiles pack/Blocks using Guid(b7189b5cb421b2145b82b8765007fe4d) Importer(815301076,1909f56bfc062723c751e8b465ee728b)  -> (artifact id: 'f6aaca8c280f549cdc3a6d6ea61031e4') in 0.300186 seconds 
  Import took 0.312527 seconds .

========================================================================
Received Import Request.
  Time since last request: 3.838044 seconds.
  path: Assets/Pixel Tiles pack/Examples
  artifactKey: Guid(4408c44111dd61c42a42e86c5001042f) Importer(815301076,1909f56bfc062723c751e8b465ee728b)
Start importing Assets/Pixel Tiles pack/Examples using Guid(4408c44111dd61c42a42e86c5001042f) Importer(815301076,1909f56bfc062723c751e8b465ee728b)  -> (artifact id: '577daf66964385d83f94eb6859f027e6') in 0.012650 seconds 
  Import took 0.185283 seconds .

========================================================================
Received Import Request.
  Time since last request: 9.440005 seconds.
  path: Assets/Pixel Tiles pack/Objects
  artifactKey: Guid(0faeb13a672ddd942a0e0288ece47630) Importer(815301076,1909f56bfc062723c751e8b465ee728b)
Start importing Assets/Pixel Tiles pack/Objects using Guid(0faeb13a672ddd942a0e0288ece47630) Importer(815301076,1909f56bfc062723c751e8b465ee728b)  -> (artifact id: '133129a41ca3a5333c08c78d61bf486b') in 0.012542 seconds 
  Import took 0.020405 seconds .

========================================================================
Received Import Request.
  Time since last request: 6.434930 seconds.
  path: Assets/Pixel Tiles pack/SampleScene
  artifactKey: Guid(a005dac7e2b3afa46bb0dede65f9477f) Importer(815301076,1909f56bfc062723c751e8b465ee728b)
Start importing Assets/Pixel Tiles pack/SampleScene using Guid(a005dac7e2b3afa46bb0dede65f9477f) Importer(815301076,1909f56bfc062723c751e8b465ee728b)  -> (artifact id: '918ff675def964edd529f30669a833f2') in 0.012781 seconds 
  Import took 0.020745 seconds .

AssetImportWorkerClient::OnTransportError - code=2 error=End of file
